2017-12-03 22:10:03,336 INFO  Method GetLastExecutionDate is returning: 03.12.2017 22:02:35
2017-12-03 22:10:03,353 INFO  Season short for date 12/03/2017 22:10:03 is: 1718
2017-12-03 22:10:03,360 INFO  File CurrentScores.csv will be overwritten
2017-12-03 22:10:03,522 INFO  Downloading csv file succeeded. File location is: 
2017-12-03 22:10:03,526 INFO  Csv file has been saved as: E:\Projekty Visual Studio\FootballPredictor\ConsoleAutoPredictor\bin\Debug\CurrentScores.csv
2017-12-03 22:10:03,560 INFO  0 scores have been parsed successfully. Scores after 12/03/2017 22:02:35 were being processed
2017-12-03 22:10:03,701 INFO  0/0 scores inserted to database
2017-12-03 22:10:03,706 INFO  0 score records have been added to database
2017-12-03 22:10:04,474 INFO  Training scores set (before date: 12/03/2017 22:10:03) have been created successfully. Training scores count = 500
2017-12-03 22:10:04,487 INFO  Scores dictionary created successfully. Dictionary count = 36
2017-12-03 22:10:05,014 INFO  Training set loaded
2017-12-03 22:10:05,023 INFO  Learning object created.
2017-12-03 22:10:05,553 INFO  Learning completed.
2017-12-03 22:10:05,584 INFO  Current matchweek is: 15
2017-12-03 22:10:05,589 INFO  Prediction will be run for matchweek 16 of season 2017/2018
2017-12-03 22:10:05,598 INFO  GetMatchesForMatchweek (season = 2017/2018, matchweek = 16) succeeded. 10 matches have been taken
2017-12-03 22:10:05,813 INFO  Getting archive scores for team: West Ham before date: 12/09/2017 00:00:00 succeeded. 10 scores have been taken.
2017-12-03 22:10:05,823 INFO  Getting archive scores for team: West Ham before date: 12/09/2017 00:00:00 succeeded. 10 scores have been taken.
2017-12-03 22:10:05,840 INFO  Getting archive scores for team: Chelsea before date: 12/09/2017 00:00:00 succeeded. 10 scores have been taken.
2017-12-03 22:10:05,849 INFO  Getting archive scores for team: Chelsea before date: 12/09/2017 00:00:00 succeeded. 10 scores have been taken.
2017-12-03 22:10:06,112 INFO  Getting archive scores for team: Tottenham before date: 12/09/2017 00:00:00 succeeded. 10 scores have been taken.
2017-12-03 22:10:06,122 INFO  Getting archive scores for team: Tottenham before date: 12/09/2017 00:00:00 succeeded. 10 scores have been taken.
2017-12-03 22:10:06,131 INFO  Getting archive scores for team: Stoke before date: 12/09/2017 00:00:00 succeeded. 10 scores have been taken.
2017-12-03 22:10:06,150 INFO  Getting archive scores for team: Stoke before date: 12/09/2017 00:00:00 succeeded. 10 scores have been taken.
2017-12-03 22:10:06,304 INFO  Getting archive scores for team: Swansea before date: 12/09/2017 00:00:00 succeeded. 10 scores have been taken.
2017-12-03 22:10:06,313 INFO  Getting archive scores for team: Swansea before date: 12/09/2017 00:00:00 succeeded. 10 scores have been taken.
2017-12-03 22:10:06,322 INFO  Getting archive scores for team: West Brom before date: 12/09/2017 00:00:00 succeeded. 10 scores have been taken.
2017-12-03 22:10:06,335 INFO  Getting archive scores for team: West Brom before date: 12/09/2017 00:00:00 succeeded. 10 scores have been taken.
2017-12-03 22:10:06,636 INFO  Getting archive scores for team: Crystal Palace before date: 12/09/2017 00:00:00 succeeded. 10 scores have been taken.
2017-12-03 22:10:06,661 INFO  Getting archive scores for team: Crystal Palace before date: 12/09/2017 00:00:00 succeeded. 10 scores have been taken.
2017-12-03 22:10:06,695 INFO  Getting archive scores for team: Bournemouth before date: 12/09/2017 00:00:00 succeeded. 10 scores have been taken.
2017-12-03 22:10:06,733 INFO  Getting archive scores for team: Bournemouth before date: 12/09/2017 00:00:00 succeeded. 10 scores have been taken.
2017-12-03 22:10:06,925 INFO  Getting archive scores for team: Burnley before date: 12/09/2017 00:00:00 succeeded. 10 scores have been taken.
2017-12-03 22:10:06,935 INFO  Getting archive scores for team: Burnley before date: 12/09/2017 00:00:00 succeeded. 10 scores have been taken.
2017-12-03 22:10:06,948 INFO  Getting archive scores for team: Watford before date: 12/09/2017 00:00:00 succeeded. 10 scores have been taken.
2017-12-03 22:10:06,958 INFO  Getting archive scores for team: Watford before date: 12/09/2017 00:00:00 succeeded. 10 scores have been taken.
2017-12-03 22:10:07,013 INFO  Getting archive scores for team: Huddersfield before date: 12/09/2017 00:00:00 succeeded. 6 scores have been taken.
2017-12-03 22:10:07,024 INFO  Getting archive scores for team: Huddersfield before date: 12/09/2017 00:00:00 succeeded. 6 scores have been taken.
2017-12-03 22:10:07,034 INFO  Getting archive scores for team: Brighton before date: 12/09/2017 00:00:00 succeeded. 6 scores have been taken.
2017-12-03 22:10:07,045 INFO  Getting archive scores for team: Brighton before date: 12/09/2017 00:00:00 succeeded. 6 scores have been taken.
2017-12-03 22:10:07,262 INFO  Getting archive scores for team: Newcastle before date: 12/09/2017 00:00:00 succeeded. 10 scores have been taken.
2017-12-03 22:10:07,273 INFO  Getting archive scores for team: Newcastle before date: 12/09/2017 00:00:00 succeeded. 10 scores have been taken.
2017-12-03 22:10:07,285 INFO  Getting archive scores for team: Leicester before date: 12/09/2017 00:00:00 succeeded. 10 scores have been taken.
2017-12-03 22:10:07,296 INFO  Getting archive scores for team: Leicester before date: 12/09/2017 00:00:00 succeeded. 10 scores have been taken.
2017-12-03 22:10:07,465 INFO  Getting archive scores for team: Southampton before date: 12/10/2017 00:00:00 succeeded. 10 scores have been taken.
2017-12-03 22:10:07,478 INFO  Getting archive scores for team: Southampton before date: 12/10/2017 00:00:00 succeeded. 10 scores have been taken.
2017-12-03 22:10:07,488 INFO  Getting archive scores for team: Arsenal before date: 12/10/2017 00:00:00 succeeded. 10 scores have been taken.
2017-12-03 22:10:07,497 INFO  Getting archive scores for team: Arsenal before date: 12/10/2017 00:00:00 succeeded. 10 scores have been taken.
2017-12-03 22:10:07,662 INFO  Getting archive scores for team: Liverpool before date: 12/10/2017 00:00:00 succeeded. 10 scores have been taken.
2017-12-03 22:10:07,673 INFO  Getting archive scores for team: Liverpool before date: 12/10/2017 00:00:00 succeeded. 10 scores have been taken.
2017-12-03 22:10:07,686 INFO  Getting archive scores for team: Everton before date: 12/10/2017 00:00:00 succeeded. 10 scores have been taken.
2017-12-03 22:10:07,697 INFO  Getting archive scores for team: Everton before date: 12/10/2017 00:00:00 succeeded. 10 scores have been taken.
2017-12-03 22:10:07,862 INFO  Getting archive scores for team: Man United before date: 12/10/2017 00:00:00 succeeded. 10 scores have been taken.
2017-12-03 22:10:07,872 INFO  Getting archive scores for team: Man United before date: 12/10/2017 00:00:00 succeeded. 10 scores have been taken.
2017-12-03 22:10:07,884 INFO  Getting archive scores for team: Man City before date: 12/10/2017 00:00:00 succeeded. 10 scores have been taken.
2017-12-03 22:10:07,893 INFO  Getting archive scores for team: Man City before date: 12/10/2017 00:00:00 succeeded. 10 scores have been taken.
2017-12-03 22:10:07,899 INFO  Prediction finished successfully
2017-12-03 22:10:07,905 INFO  Date 12/03/2017 22:10:07 has been set as last execution date to file: exec.data
2017-12-03 22:10:07,925 INFO  Bye
